# JRE version: OpenJDK Runtime Environment (15.0.2+7) (build 15.0.2+7-27)
# Java VM: OpenJDK 64-Bit Server VM (15.0.2+7-27, mixed mode, tiered, compressed oops, g1 gc, linux-amd64)
GC Precious Log:
 CPUs: 8 total, 8 available
 Memory: 7787M
 Large Page Support: Disabled
 NUMA Support: Disabled
 Compressed Oops: Enabled (32-bit)
 Heap Region Size: 1M
 Heap Min Capacity: 8M
 Heap Initial Capacity: 122M
 Heap Max Capacity: 1948M
 Pre-touch: Disabled
 Parallel Workers: 8
 Concurrent Workers: 2
 Concurrent Refinement Workers: 8
 Periodic GC: Disabled
Heap:
 garbage-first heap   total 46080K, used 19337K [0x0000000086400000, 0x0000000100000000)
  region size 1024K, 7 young (7168K), 2 survivors (2048K)
 Metaspace       used 32784K, capacity 33114K, committed 33536K, reserved 1079296K
  class space    used 3887K, capacity 4005K, committed 4096K, reserved 1048576K
GC Heap History (16 events):
Event: 0,418 GC heap before
{Heap before GC invocations=0 (full 0):
 garbage-first heap   total 124928K, used 22528K [0x0000000086400000, 0x0000000100000000)
  region size 1024K, 23 young (23552K), 0 survivors (0K)
 Metaspace       used 11800K, capacity 11918K, committed 12160K, reserved 1060864K
  class space    used 1082K, capacity 1117K, committed 1152K, reserved 1048576K
}
Event: 0,421 GC heap after
{Heap after GC invocations=1 (full 0):
 garbage-first heap   total 124928K, used 3229K [0x0000000086400000, 0x0000000100000000)
  region size 1024K, 3 young (3072K), 3 survivors (3072K)
 Metaspace       used 11800K, capacity 11918K, committed 12160K, reserved 1060864K
  class space    used 1082K, capacity 1117K, committed 1152K, reserved 1048576K
}
Event: 0,882 GC heap before
{Heap before GC invocations=1 (full 0):
 garbage-first heap   total 124928K, used 34973K [0x0000000086400000, 0x0000000100000000)
  region size 1024K, 35 young (35840K), 3 survivors (3072K)
 Metaspace       used 16687K, capacity 16850K, committed 17152K, reserved 1064960K
  class space    used 1686K, capacity 1737K, committed 1792K, reserved 1048576K
}
Event: 0,885 GC heap after
{Heap after GC invocations=2 (full 0):
 garbage-first heap   total 124928K, used 4762K [0x0000000086400000, 0x0000000100000000)
  region size 1024K, 2 young (2048K), 2 survivors (2048K)
 Metaspace       used 16687K, capacity 16850K, committed 17152K, reserved 1064960K
  class space    used 1686K, capacity 1737K, committed 1792K, reserved 1048576K
}
Event: 1,039 GC heap before
{Heap before GC invocations=2 (full 0):
 garbage-first heap   total 124928K, used 27290K [0x0000000086400000, 0x0000000100000000)
  region size 1024K, 25 young (25600K), 2 survivors (2048K)
 Metaspace       used 20784K, capacity 21014K, committed 21248K, reserved 1069056K
  class space    used 2196K, capacity 2268K, committed 2304K, reserved 1048576K
}
Event: 1,041 GC heap after
{Heap after GC invocations=3 (full 0):
 garbage-first heap   total 124928K, used 7070K [0x0000000086400000, 0x0000000100000000)
  region size 1024K, 4 young (4096K), 4 survivors (4096K)
 Metaspace       used 20784K, capacity 21014K, committed 21248K, reserved 1069056K
  class space    used 2196K, capacity 2268K, committed 2304K, reserved 1048576K
}
Event: 1,240 GC heap before
{Heap before GC invocations=4 (full 0):
 garbage-first heap   total 30720K, used 28574K [0x0000000086400000, 0x0000000100000000)
  region size 1024K, 26 young (26624K), 4 survivors (4096K)
 Metaspace       used 23546K, capacity 23806K, committed 24064K, reserved 1071104K
  class space    used 2635K, capacity 2727K, committed 2816K, reserved 1048576K
}
Event: 1,244 GC heap after
{Heap after GC invocations=5 (full 0):
 garbage-first heap   total 37888K, used 9554K [0x0000000086400000, 0x0000000100000000)
  region size 1024K, 7 young (7168K), 7 survivors (7168K)
 Metaspace       used 23546K, capacity 23806K, committed 24064K, reserved 1071104K
  class space    used 2635K, capacity 2727K, committed 2816K, reserved 1048576K
}
Event: 1,307 GC heap before
{Heap before GC invocations=5 (full 0):
 garbage-first heap   total 37888K, used 23890K [0x0000000086400000, 0x0000000100000000)
  region size 1024K, 22 young (22528K), 7 survivors (7168K)
 Metaspace       used 25179K, capacity 25504K, committed 25856K, reserved 1073152K
  class space    used 2843K, capacity 2967K, committed 3072K, reserved 1048576K
}
Event: 1,310 GC heap after
{Heap after GC invocations=6 (full 0):
 garbage-first heap   total 37888K, used 11749K [0x0000000086400000, 0x0000000100000000)
  region size 1024K, 2 young (2048K), 2 survivors (2048K)
 Metaspace       used 25179K, capacity 25504K, committed 25856K, reserved 1073152K
  class space    used 2843K, capacity 2967K, committed 3072K, reserved 1048576K
}
Event: 1,357 GC heap before
{Heap before GC invocations=6 (full 0):
 garbage-first heap   total 37888K, used 26085K [0x0000000086400000, 0x0000000100000000)
  region size 1024K, 16 young (16384K), 2 survivors (2048K)
 Metaspace       used 26759K, capacity 27078K, committed 27264K, reserved 1073152K
  class space    used 3085K, capacity 3192K, committed 3200K, reserved 1048576K
}
Event: 1,360 GC heap after
{Heap after GC invocations=7 (full 0):
 garbage-first heap   total 37888K, used 11736K [0x0000000086400000, 0x0000000100000000)
  region size 1024K, 1 young (1024K), 1 survivors (1024K)
 Metaspace       used 26759K, capacity 27078K, committed 27264K, reserved 1073152K
  class space    used 3085K, capacity 3192K, committed 3200K, reserved 1048576K
}
Event: 1,449 GC heap before
{Heap before GC invocations=7 (full 0):
 garbage-first heap   total 37888K, used 26072K [0x0000000086400000, 0x0000000100000000)
  region size 1024K, 16 young (16384K), 1 survivors (1024K)
 Metaspace       used 28934K, capacity 29257K, committed 29568K, reserved 1075200K
  class space    used 3509K, capacity 3641K, committed 3712K, reserved 1048576K
}
Event: 1,451 GC heap after
{Heap after GC invocations=8 (full 0):
 garbage-first heap   total 46080K, used 12358K [0x0000000086400000, 0x0000000100000000)
  region size 1024K, 2 young (2048K), 2 survivors (2048K)
 Metaspace       used 28934K, capacity 29257K, committed 29568K, reserved 1075200K
  class space    used 3509K, capacity 3641K, committed 3712K, reserved 1048576K
}
Event: 7,098 GC heap before
{Heap before GC invocations=8 (full 0):
 garbage-first heap   total 46080K, used 35910K [0x0000000086400000, 0x0000000100000000)
  region size 1024K, 23 young (23552K), 2 survivors (2048K)
 Metaspace       used 32224K, capacity 32536K, committed 32896K, reserved 1079296K
  class space    used 3840K, capacity 3941K, committed 3968K, reserved 1048576K
}
Event: 7,101 GC heap after
{Heap after GC invocations=9 (full 0):
 garbage-first heap   total 46080K, used 15241K [0x0000000086400000, 0x0000000100000000)
  region size 1024K, 2 young (2048K), 2 survivors (2048K)
 Metaspace       used 32224K, capacity 32536K, committed 32896K, reserved 1079296K
  class space    used 3840K, capacity 3941K, committed 3968K, reserved 1048576K
}

